Using pre-set license
Built from '2022.3/staging' branch; Version is '2022.3.15f1 (b58023a2b463) revision 11894819'; Using compiler version '192829333'; Build Type 'Release'
OS: 'Windows 10  (10.0.19045) 64bit CoreSingleLanguage' Language: 'tr' Physical Memory: 8025 MB
BatchMode: 1, IsHumanControllingUs: 0, StartBugReporterOnCrash: 0, Is64bit: 1, IsPro: 1

COMMAND LINE ARGUMENTS:
C:\Program Files\Unity\Hub\Editor\2022.3.15f1\Editor\Unity.exe
-adb2
-batchMode
-noUpm
-name
AssetImportWorker0
-projectPath
C:/MyGames/Idle Attack
-logFile
Logs/AssetImportWorker0.log
-srvPort
61715
Successfully changed project path to: C:/MyGames/Idle Attack
C:/MyGames/Idle Attack
[UnityMemory] Configuration Parameters - Can be set up in boot.config
    "memorysetup-bucket-allocator-granularity=16"
    "memorysetup-bucket-allocator-bucket-count=8"
    "memorysetup-bucket-allocator-block-size=33554432"
    "memorysetup-bucket-allocator-block-count=8"
    "memorysetup-main-allocator-block-size=16777216"
    "memorysetup-thread-allocator-block-size=16777216"
    "memorysetup-gfx-main-allocator-block-size=16777216"
    "memorysetup-gfx-thread-allocator-block-size=16777216"
    "memorysetup-cache-allocator-block-size=4194304"
    "memorysetup-typetree-allocator-block-size=2097152"
    "memorysetup-profiler-bucket-allocator-granularity=16"
    "memorysetup-profiler-bucket-allocator-bucket-count=8"
    "memorysetup-profiler-bucket-allocator-block-size=33554432"
    "memorysetup-profiler-bucket-allocator-block-count=8"
    "memorysetup-profiler-allocator-block-size=16777216"
    "memorysetup-profiler-editor-allocator-block-size=1048576"
    "memorysetup-temp-allocator-size-main=16777216"
    "memorysetup-job-temp-allocator-block-size=2097152"
    "memorysetup-job-temp-allocator-block-size-background=1048576"
    "memorysetup-job-temp-allocator-reduction-small-platforms=262144"
    "memorysetup-allocator-temp-initial-block-size-main=262144"
    "memorysetup-allocator-temp-initial-block-size-worker=262144"
    "memorysetup-temp-allocator-size-background-worker=32768"
    "memorysetup-temp-allocator-size-job-worker=262144"
    "memorysetup-temp-allocator-size-preload-manager=33554432"
    "memorysetup-temp-allocator-size-nav-mesh-worker=65536"
    "memorysetup-temp-allocator-size-audio-worker=65536"
    "memorysetup-temp-allocator-size-cloud-worker=32768"
    "memorysetup-temp-allocator-size-gi-baking-worker=262144"
    "memorysetup-temp-allocator-size-gfx=262144"
Player connection [21304] Host "[IP] 192.168.1.103 [Port] 0 [Flags] 2 [Guid] 2356990745 [EditorId] 2356990745 [Version] 1048832 [Id] WindowsEditor(7,LAPTOP-E94F2F5L) [Debug] 1 [PackageName] WindowsEditor [ProjectName] Editor" joined multi-casting on [225.0.0.222:54997]...

Player connection [21304] Host "[IP] 192.168.1.103 [Port] 0 [Flags] 2 [Guid] 2356990745 [EditorId] 2356990745 [Version] 1048832 [Id] WindowsEditor(7,LAPTOP-E94F2F5L) [Debug] 1 [PackageName] WindowsEditor [ProjectName] Editor" joined alternative multi-casting on [225.0.0.222:34997]...

[Physics::Module] Initialized MultithreadedJobDispatcher with 7 workers.
Refreshing native plugins compatible for Editor in 90.63 ms, found 4 plugins.
Preloading 0 native plugins for Editor in 0.00 ms.
Initialize engine version: 2022.3.15f1 (b58023a2b463)
[Subsystems] Discovering subsystems at path C:/Program Files/Unity/Hub/Editor/2022.3.15f1/Editor/Data/Resources/UnitySubsystems
[Subsystems] Discovering subsystems at path C:/MyGames/Idle Attack/Assets
GfxDevice: creating device client; threaded=0; jobified=0
Direct3D:
    Version:  Direct3D 11.0 [level 11.0]
    Renderer: NVIDIA GeForce MX130 (ID=0x174d)
    Vendor:   NVIDIA
    VRAM:     2010 MB
    Driver:   30.0.14.7219
Initialize mono
Mono path[0] = 'C:/Program Files/Unity/Hub/Editor/2022.3.15f1/Editor/Data/Managed'
Mono path[1] = 'C:/Program Files/Unity/Hub/Editor/2022.3.15f1/Editor/Data/MonoBleedingEdge/lib/mono/unityjit-win32'
Mono config path = 'C:/Program Files/Unity/Hub/Editor/2022.3.15f1/Editor/Data/MonoBleedingEdge/etc'
Using monoOptions --debugger-agent=transport=dt_socket,embedding=1,server=y,suspend=n,address=127.0.0.1:56744
Begin MonoManager ReloadAssembly
Registering precompiled unity dll's ...
Register platform support module: C:/Program Files/Unity/Hub/Editor/2022.3.15f1/Editor/Data/PlaybackEngines/AndroidPlayer/UnityEditor.Android.Extensions.dll
Register platform support module: C:/Program Files/Unity/Hub/Editor/2022.3.15f1/Editor/Data/PlaybackEngines/WindowsStandaloneSupport/UnityEditor.WindowsStandalone.Extensions.dll
Registered in 0.049887 seconds.
- Loaded All Assemblies, in  1.591 seconds
Native extension for WindowsStandalone target not found
Native extension for Android target not found
Android Extension - Scanning For ADB Devices 776 ms
Mono: successfully reloaded assembly
- Finished resetting the current domain, in  2.161 seconds
Domain Reload Profiling: 3743ms
	BeginReloadAssembly (487ms)
		ExecutionOrderSort (0ms)
		DisableScriptedObjects (0ms)
		BackupInstance (0ms)
		ReleaseScriptingObjects (0ms)
		CreateAndSetChildDomain (2ms)
	RebuildCommonClasses (150ms)
	RebuildNativeTypeToScriptingClass (45ms)
	initialDomainReloadingComplete (267ms)
	LoadAllAssembliesAndSetupDomain (632ms)
		LoadAssemblies (480ms)
		RebuildTransferFunctionScriptingTraits (0ms)
		AnalyzeDomain (622ms)
			TypeCache.Refresh (618ms)
				TypeCache.ScanAssembly (566ms)
			ScanForSourceGeneratedMonoScriptInfo (1ms)
			ResolveRequiredComponents (2ms)
	FinalizeReload (2162ms)
		ReleaseScriptCaches (0ms)
		RebuildScriptCaches (0ms)
		SetupLoadedEditorAssemblies (1928ms)
			LogAssemblyErrors (0ms)
			InitializePlatformSupportModulesInManaged (1212ms)
			SetLoadedEditorAssemblies (14ms)
			RefreshPlugins (0ms)
			BeforeProcessingInitializeOnLoad (9ms)
			ProcessInitializeOnLoadAttributes (502ms)
			ProcessInitializeOnLoadMethodAttributes (191ms)
			AfterProcessingInitializeOnLoad (0ms)
			EditorAssembliesLoaded (0ms)
		ExecutionOrderSort2 (0ms)
		AwakeInstancesAfterBackupRestoration (0ms)
========================================================================
Worker process is ready to serve import requests
Begin MonoManager ReloadAssembly
- Loaded All Assemblies, in  3.344 seconds
Refreshing native plugins compatible for Editor in 24.72 ms, found 4 plugins.
Native extension for WindowsStandalone target not found
Native extension for Android target not found
Package Manager log level set to [2]
[Package Manager] Server::EnsureServerProcessIsRunning -- launch failed, reason: Unity was launched with the -noUpm command-line argument
[Package Manager] UpmClient::Send -- Unable to send message (not connected to UPM process).
[Package Manager] Cannot connect to Unity Package Manager local server
Mono: successfully reloaded assembly
- Finished resetting the current domain, in  3.460 seconds
Domain Reload Profiling: 6780ms
	BeginReloadAssembly (582ms)
		ExecutionOrderSort (0ms)
		DisableScriptedObjects (25ms)
		BackupInstance (0ms)
		ReleaseScriptingObjects (1ms)
		CreateAndSetChildDomain (70ms)
	RebuildCommonClasses (293ms)
	RebuildNativeTypeToScriptingClass (74ms)
	initialDomainReloadingComplete (225ms)
	LoadAllAssembliesAndSetupDomain (2140ms)
		LoadAssemblies (1596ms)
		RebuildTransferFunctionScriptingTraits (0ms)
		AnalyzeDomain (873ms)
			TypeCache.Refresh (754ms)
				TypeCache.ScanAssembly (623ms)
			ScanForSourceGeneratedMonoScriptInfo (92ms)
			ResolveRequiredComponents (24ms)
	FinalizeReload (3465ms)
		ReleaseScriptCaches (0ms)
		RebuildScriptCaches (0ms)
		SetupLoadedEditorAssemblies (2708ms)
			LogAssemblyErrors (0ms)
			InitializePlatformSupportModulesInManaged (111ms)
			SetLoadedEditorAssemblies (14ms)
			RefreshPlugins (0ms)
			BeforeProcessingInitializeOnLoad (298ms)
			ProcessInitializeOnLoadAttributes (2082ms)
			ProcessInitializeOnLoadMethodAttributes (144ms)
			AfterProcessingInitializeOnLoad (59ms)
			EditorAssembliesLoaded (1ms)
		ExecutionOrderSort2 (0ms)
		AwakeInstancesAfterBackupRestoration (24ms)
Launched and connected shader compiler UnityShaderCompiler.exe after 0.14 seconds
Refreshing native plugins compatible for Editor in 28.21 ms, found 4 plugins.
Preloading 0 native plugins for Editor in 0.00 ms.
Unloading 4296 Unused Serialized files (Serialized files now loaded: 0)
Unloading 83 unused Assets / (326.7 KB). Loaded Objects now: 4756.
Memory consumption went from 155.1 MB to 154.8 MB.
Total: 19.989000 ms (FindLiveObjects: 0.897600 ms CreateObjectMapping: 1.408800 ms MarkObjects: 13.525900 ms  DeleteObjects: 4.153800 ms)

AssetImportParameters requested are different than current active one (requested -> active):
  custom:container-demuxer-ogg: 62fdf1f143b41e24485cea50d1cbac27 -> 
  custom:video-codec-MediaFoundation-h265: 746d11721c4dcdbdad8f713fa42b33f4 -> 
  custom:video-decoder-ogg-theora: a1e56fd34408186e4bbccfd4996cb3dc -> 
  custom:framework-win-MediaFoundation: 216162199b28c13a410421893ffa2e32 -> 
  custom:CustomObjectIndexerAttribute: 43b350a4d6e6d1791af0b5038c4bea17 -> 
  custom:container-demuxer-webm: 4f35f7cbe854078d1ac9338744f61a02 -> 
  custom:container-muxer-webm: aa71ff27fc2769a1b78a27578f13a17b -> 
  custom:video-decoder-webm-vp8: 9c59270c3fd7afecdb556c50c9e8de78 -> 
  custom:SearchIndexIgnoredProperties: e643bd26f0fe6173181afceb89e7c659 -> 
  custom:AudioImporter_EditorPlatform: d09bf68614088b80899f8185d706f6e7 -> 
  custom:video-encoder-webm-vp8: eb34c28f22e8b96e1ab97ce403110664 -> 
  custom:audio-decoder-ogg-vorbis: bf7c407c2cedff20999df2af8eb42d56 -> 
  custom:audio-encoder-webm-vorbis: bf7c407c2cedff20999df2af8eb42d56 -> 
========================================================================
Received Import Request.
  Time since last request: 241983.211806 seconds.
  path: Assets/Enemies/FIRE/01_idle/idle_6.png
  artifactKey: Guid(d9f11959d0a620d49b6d0dbda60e87bb) Importer(815301076,1909f56bfc062723c751e8b465ee728b)
Start importing Assets/Enemies/FIRE/01_idle/idle_6.png using Guid(d9f11959d0a620d49b6d0dbda60e87bb) Importer(815301076,1909f56bfc062723c751e8b465ee728b)  -> (artifact id: '9b7c8f8d2f1c6f0d0b2c16bd1b017ea5') in 0.312457 seconds
Number of updated asset objects reloaded before import = 0
Number of asset objects unloaded after import = 3
========================================================================
Received Import Request.
  Time since last request: 0.000111 seconds.
  path: Assets/Enemies/FIRE/01_idle/idle_8.png
  artifactKey: Guid(0209b05551c32da4db1c81268a29520f) Importer(815301076,1909f56bfc062723c751e8b465ee728b)
Start importing Assets/Enemies/FIRE/01_idle/idle_8.png using Guid(0209b05551c32da4db1c81268a29520f) Importer(815301076,1909f56bfc062723c751e8b465ee728b)  -> (artifact id: '89da14cf6b33080e877289830fc8685f') in 0.076594 seconds
Number of updated asset objects reloaded before import = 0
Number of asset objects unloaded after import = 3
========================================================================
Received Import Request.
  Time since last request: 0.000029 seconds.
  path: Assets/Enemies/FIRE/01_idle/idle_4.png
  artifactKey: Guid(6dac9a246154f6143a31839db064d1fa) Importer(815301076,1909f56bfc062723c751e8b465ee728b)
Start importing Assets/Enemies/FIRE/01_idle/idle_4.png using Guid(6dac9a246154f6143a31839db064d1fa) Importer(815301076,1909f56bfc062723c751e8b465ee728b)  -> (artifact id: 'e1f2f982d3096f650b0896903d4368b3') in 0.067330 seconds
Number of updated asset objects reloaded before import = 0
Number of asset objects unloaded after import = 3
========================================================================
Received Import Request.
  Time since last request: 0.000034 seconds.
  path: Assets/Enemies/FIRE/01_idle/idle_2.png
  artifactKey: Guid(84b53c0bd0b089047873d6dd48c50b00) Importer(815301076,1909f56bfc062723c751e8b465ee728b)
Start importing Assets/Enemies/FIRE/01_idle/idle_2.png using Guid(84b53c0bd0b089047873d6dd48c50b00) Importer(815301076,1909f56bfc062723c751e8b465ee728b)  -> (artifact id: 'c785d8bf12c186a2f44243b9646f9669') in 0.041527 seconds
Number of updated asset objects reloaded before import = 0
Number of asset objects unloaded after import = 3
========================================================================
Received Import Request.
  Time since last request: 5.963247 seconds.
  path: Assets/Enemies/NoneOutlinedRat/rat-attack.png
  artifactKey: Guid(35553264889845c4cbbc0a65414b190f) Importer(815301076,1909f56bfc062723c751e8b465ee728b)
Start importing Assets/Enemies/NoneOutlinedRat/rat-attack.png using Guid(35553264889845c4cbbc0a65414b190f) Importer(815301076,1909f56bfc062723c751e8b465ee728b)  -> (artifact id: '6bdce2b5d84f355175e16856f821baaf') in 0.075013 seconds
Number of updated asset objects reloaded before import = 0
Number of asset objects unloaded after import = 3
========================================================================
Received Import Request.
  Time since last request: 0.000051 seconds.
  path: Assets/Enemies/NoneOutlinedRat/rat-hurt.png
  artifactKey: Guid(fa4d25ec73455454983d75b505bc8fc6) Importer(815301076,1909f56bfc062723c751e8b465ee728b)
Start importing Assets/Enemies/NoneOutlinedRat/rat-hurt.png using Guid(fa4d25ec73455454983d75b505bc8fc6) Importer(815301076,1909f56bfc062723c751e8b465ee728b)  -> (artifact id: '367b28b31978565d885a530716f469f6') in 0.074108 seconds
Number of updated asset objects reloaded before import = 0
Number of asset objects unloaded after import = 3
========================================================================
Received Import Request.
  Time since last request: 0.000034 seconds.
  path: Assets/Enemies/NoneOutlinedRat/rat-idle.png
  artifactKey: Guid(b85415a4734c30545b2efac1dfd9ee24) Importer(815301076,1909f56bfc062723c751e8b465ee728b)
Start importing Assets/Enemies/NoneOutlinedRat/rat-idle.png using Guid(b85415a4734c30545b2efac1dfd9ee24) Importer(815301076,1909f56bfc062723c751e8b465ee728b)  -> (artifact id: '6dfa78e75bbb930f0eed78515f5e6c94') in 0.056465 seconds
Number of updated asset objects reloaded before import = 0
Number of asset objects unloaded after import = 3
========================================================================
Received Import Request.
  Time since last request: 26.997695 seconds.
  path: Assets/PlayerSprites/Sprites/Attack1.png
  artifactKey: Guid(436f7e3fce8b2fb4a86074ec1b14efdf) Importer(815301076,1909f56bfc062723c751e8b465ee728b)
Start importing Assets/PlayerSprites/Sprites/Attack1.png using Guid(436f7e3fce8b2fb4a86074ec1b14efdf) Importer(815301076,1909f56bfc062723c751e8b465ee728b)  -> (artifact id: '6df8355fbf0a9dd90b3f8e558af174a3') in 0.102159 seconds
Number of updated asset objects reloaded before import = 0
Number of asset objects unloaded after import = 6
========================================================================
Received Import Request.
  Time since last request: 0.000045 seconds.
  path: Assets/PlayerSprites/Sprites/Idle.png
  artifactKey: Guid(77ba605bbd83f4448bc8683510c3155e) Importer(815301076,1909f56bfc062723c751e8b465ee728b)
Start importing Assets/PlayerSprites/Sprites/Idle.png using Guid(77ba605bbd83f4448bc8683510c3155e) Importer(815301076,1909f56bfc062723c751e8b465ee728b)  -> (artifact id: '0ffd451fab09cf3480ed4ed010011a1f') in 0.111496 seconds
Number of updated asset objects reloaded before import = 0
Number of asset objects unloaded after import = 8
========================================================================
Received Import Request.
  Time since last request: 0.000050 seconds.
  path: Assets/PlayerSprites/Sprites/Run.png
  artifactKey: Guid(19f2f91e3fdfd8740b7c57578eee70ed) Importer(815301076,1909f56bfc062723c751e8b465ee728b)
Start importing Assets/PlayerSprites/Sprites/Run.png using Guid(19f2f91e3fdfd8740b7c57578eee70ed) Importer(815301076,1909f56bfc062723c751e8b465ee728b)  -> (artifact id: 'df4319b95c83d6172155a564c3677f4d') in 0.122377 seconds
Number of updated asset objects reloaded before import = 0
Number of asset objects unloaded after import = 10
========================================================================
Received Import Request.
  Time since last request: 0.000062 seconds.
  path: Assets/PlayerSprites/Sprites/Hit.png
  artifactKey: Guid(c9d48a21f2d1f9a4ca9615965b1689eb) Importer(815301076,1909f56bfc062723c751e8b465ee728b)
Start importing Assets/PlayerSprites/Sprites/Hit.png using Guid(c9d48a21f2d1f9a4ca9615965b1689eb) Importer(815301076,1909f56bfc062723c751e8b465ee728b)  -> (artifact id: 'a0ae5cfc656081372a025edd9845dfc6') in 0.086137 seconds
Number of updated asset objects reloaded before import = 0
Number of asset objects unloaded after import = 5
========================================================================
Received Import Request.
  Time since last request: 7.457936 seconds.
  path: Assets/Hero/Sprite/Attack1.png
  artifactKey: Guid(d4b57b27ee14f6f479cb5a1ef370c3ec) Importer(815301076,1909f56bfc062723c751e8b465ee728b)
Start importing Assets/Hero/Sprite/Attack1.png using Guid(d4b57b27ee14f6f479cb5a1ef370c3ec) Importer(815301076,1909f56bfc062723c751e8b465ee728b)  -> (artifact id: 'bd8e50b964db1d92b857bac5e3410b09') in 0.120249 seconds
Number of updated asset objects reloaded before import = 0
Number of asset objects unloaded after import = 9
========================================================================
Received Import Request.
  Time since last request: 0.001104 seconds.
  path: Assets/Hero/Sprite/Death.png
  artifactKey: Guid(2a88d9dc1a1de2b49a2da3c0e9f9d9ca) Importer(815301076,1909f56bfc062723c751e8b465ee728b)
Start importing Assets/Hero/Sprite/Death.png using Guid(2a88d9dc1a1de2b49a2da3c0e9f9d9ca) Importer(815301076,1909f56bfc062723c751e8b465ee728b)  -> (artifact id: 'feaea8b37a1932a9774769ea8102a870') in 0.151347 seconds
Number of updated asset objects reloaded before import = 0
Number of asset objects unloaded after import = 13
========================================================================
Received Import Request.
  Time since last request: 0.000043 seconds.
  path: Assets/Hero/Sprite/Going Up.png
  artifactKey: Guid(c4293afbabd77914a97d0885680af562) Importer(815301076,1909f56bfc062723c751e8b465ee728b)
Start importing Assets/Hero/Sprite/Going Up.png using Guid(c4293afbabd77914a97d0885680af562) Importer(815301076,1909f56bfc062723c751e8b465ee728b)  -> (artifact id: '01abb151f8ec2c3c7e453fbf0110bb29') in 0.090465 seconds
Number of updated asset objects reloaded before import = 0
Number of asset objects unloaded after import = 5
========================================================================
Received Import Request.
  Time since last request: 0.000041 seconds.
  path: Assets/Hero/Sprite/Take Hit.png
  artifactKey: Guid(e80984697253bd343b30169e2e0b9596) Importer(815301076,1909f56bfc062723c751e8b465ee728b)
Start importing Assets/Hero/Sprite/Take Hit.png using Guid(e80984697253bd343b30169e2e0b9596) Importer(815301076,1909f56bfc062723c751e8b465ee728b)  -> (artifact id: '8d986aea2e4155e0f8b648c85fbe6832') in 0.085743 seconds
Number of updated asset objects reloaded before import = 0
Number of asset objects unloaded after import = 5
========================================================================
Received Import Request.
  Time since last request: 0.000058 seconds.
  path: Assets/Hero/Sprite/Going Down.png
  artifactKey: Guid(d8de89c2914d7ba448429b9ddc8f0ffb) Importer(815301076,1909f56bfc062723c751e8b465ee728b)
Start importing Assets/Hero/Sprite/Going Down.png using Guid(d8de89c2914d7ba448429b9ddc8f0ffb) Importer(815301076,1909f56bfc062723c751e8b465ee728b)  -> (artifact id: '9090687a435a0684a0f599a21daaf964') in 0.071062 seconds
Number of updated asset objects reloaded before import = 0
Number of asset objects unloaded after import = 5
========================================================================
Received Import Request.
  Time since last request: 6.222874 seconds.
  path: Assets/Prefabs/GameManager.prefab
  artifactKey: Guid(a0f096a7ce5f4e642bd4edf5ad7813ed) Importer(815301076,1909f56bfc062723c751e8b465ee728b)
Start importing Assets/Prefabs/GameManager.prefab using Guid(a0f096a7ce5f4e642bd4edf5ad7813ed) Importer(815301076,1909f56bfc062723c751e8b465ee728b)  -> (artifact id: 'a65e08eb61301b6ba1d389492568848e') in 0.021965 seconds
Number of updated asset objects reloaded before import = 0
Number of asset objects unloaded after import = 5
========================================================================
Received Import Request.
  Time since last request: 4.109611 seconds.
  path: Assets/Sprites/8666420.jpg
  artifactKey: Guid(a1214c2e515aa4c4c87d5b24160ec46d) Importer(815301076,1909f56bfc062723c751e8b465ee728b)
Start importing Assets/Sprites/8666420.jpg using Guid(a1214c2e515aa4c4c87d5b24160ec46d) Importer(815301076,1909f56bfc062723c751e8b465ee728b)  -> (artifact id: '1abd32c87e76a64f1c4742561a538350') in 0.209367 seconds
Number of updated asset objects reloaded before import = 0
Number of asset objects unloaded after import = 3
========================================================================
Received Import Request.
  Time since last request: 0.000051 seconds.
  path: Assets/Sprites/Metal Buttons Text.png
  artifactKey: Guid(a83c3adb0d61d5d4face89db13c6419b) Importer(815301076,1909f56bfc062723c751e8b465ee728b)
Start importing Assets/Sprites/Metal Buttons Text.png using Guid(a83c3adb0d61d5d4face89db13c6419b) Importer(815301076,1909f56bfc062723c751e8b465ee728b)  -> (artifact id: '91ebf8b37587839e14a837429e69fbcd') in 0.646890 seconds
Number of updated asset objects reloaded before import = 0
Number of asset objects unloaded after import = 119
========================================================================
Received Import Request.
  Time since last request: 0.825489 seconds.
  path: Assets/Cainos
  artifactKey: Guid(33a01e42851e7b346b31a05ded519448) Importer(815301076,1909f56bfc062723c751e8b465ee728b)
Start importing Assets/Cainos using Guid(33a01e42851e7b346b31a05ded519448) Importer(815301076,1909f56bfc062723c751e8b465ee728b)  -> (artifact id: 'ff94683019cd08bbf9fa0218321d8099') in 0.001337 seconds
Number of updated asset objects reloaded before import = 0
Number of asset objects unloaded after import = 0
========================================================================
Received Import Request.
  Time since last request: 12.755222 seconds.
  path: Assets/Animations/StarButton
  artifactKey: Guid(03a9c2c719d286243976ca3c834401c2) Importer(815301076,1909f56bfc062723c751e8b465ee728b)
Start importing Assets/Animations/StarButton using Guid(03a9c2c719d286243976ca3c834401c2) Importer(815301076,1909f56bfc062723c751e8b465ee728b)  -> (artifact id: 'bf560846ea01dcf0b74932cbd10e807e') in 0.001062 seconds
Number of updated asset objects reloaded before import = 0
Number of asset objects unloaded after import = 0
