Using pre-set license
Built from '2022.3/staging' branch; Version is '2022.3.15f1 (b58023a2b463) revision 11894819'; Using compiler version '192829333'; Build Type 'Release'
OS: 'Windows 10  (10.0.19045) 64bit CoreSingleLanguage' Language: 'tr' Physical Memory: 8025 MB
BatchMode: 1, IsHumanControllingUs: 0, StartBugReporterOnCrash: 0, Is64bit: 1, IsPro: 1

COMMAND LINE ARGUMENTS:
C:\Program Files\Unity\Hub\Editor\2022.3.15f1\Editor\Unity.exe
-adb2
-batchMode
-noUpm
-name
AssetImportWorker1
-projectPath
C:/MyGames/Idle Attack
-logFile
Logs/AssetImportWorker1.log
-srvPort
61715
Successfully changed project path to: C:/MyGames/Idle Attack
C:/MyGames/Idle Attack
[UnityMemory] Configuration Parameters - Can be set up in boot.config
    "memorysetup-bucket-allocator-granularity=16"
    "memorysetup-bucket-allocator-bucket-count=8"
    "memorysetup-bucket-allocator-block-size=33554432"
    "memorysetup-bucket-allocator-block-count=8"
    "memorysetup-main-allocator-block-size=16777216"
    "memorysetup-thread-allocator-block-size=16777216"
    "memorysetup-gfx-main-allocator-block-size=16777216"
    "memorysetup-gfx-thread-allocator-block-size=16777216"
    "memorysetup-cache-allocator-block-size=4194304"
    "memorysetup-typetree-allocator-block-size=2097152"
    "memorysetup-profiler-bucket-allocator-granularity=16"
    "memorysetup-profiler-bucket-allocator-bucket-count=8"
    "memorysetup-profiler-bucket-allocator-block-size=33554432"
    "memorysetup-profiler-bucket-allocator-block-count=8"
    "memorysetup-profiler-allocator-block-size=16777216"
    "memorysetup-profiler-editor-allocator-block-size=1048576"
    "memorysetup-temp-allocator-size-main=16777216"
    "memorysetup-job-temp-allocator-block-size=2097152"
    "memorysetup-job-temp-allocator-block-size-background=1048576"
    "memorysetup-job-temp-allocator-reduction-small-platforms=262144"
    "memorysetup-allocator-temp-initial-block-size-main=262144"
    "memorysetup-allocator-temp-initial-block-size-worker=262144"
    "memorysetup-temp-allocator-size-background-worker=32768"
    "memorysetup-temp-allocator-size-job-worker=262144"
    "memorysetup-temp-allocator-size-preload-manager=33554432"
    "memorysetup-temp-allocator-size-nav-mesh-worker=65536"
    "memorysetup-temp-allocator-size-audio-worker=65536"
    "memorysetup-temp-allocator-size-cloud-worker=32768"
    "memorysetup-temp-allocator-size-gi-baking-worker=262144"
    "memorysetup-temp-allocator-size-gfx=262144"
Player connection [10412] Host "[IP] 192.168.1.103 [Port] 0 [Flags] 2 [Guid] 3443340236 [EditorId] 3443340236 [Version] 1048832 [Id] WindowsEditor(7,LAPTOP-E94F2F5L) [Debug] 1 [PackageName] WindowsEditor [ProjectName] Editor" joined multi-casting on [225.0.0.222:54997]...

Player connection [10412] Host "[IP] 192.168.1.103 [Port] 0 [Flags] 2 [Guid] 3443340236 [EditorId] 3443340236 [Version] 1048832 [Id] WindowsEditor(7,LAPTOP-E94F2F5L) [Debug] 1 [PackageName] WindowsEditor [ProjectName] Editor" joined alternative multi-casting on [225.0.0.222:34997]...

[Physics::Module] Initialized MultithreadedJobDispatcher with 7 workers.
Refreshing native plugins compatible for Editor in 307.45 ms, found 4 plugins.
Preloading 0 native plugins for Editor in 0.00 ms.
Initialize engine version: 2022.3.15f1 (b58023a2b463)
[Subsystems] Discovering subsystems at path C:/Program Files/Unity/Hub/Editor/2022.3.15f1/Editor/Data/Resources/UnitySubsystems
[Subsystems] Discovering subsystems at path C:/MyGames/Idle Attack/Assets
GfxDevice: creating device client; threaded=0; jobified=0
Direct3D:
    Version:  Direct3D 11.0 [level 11.0]
    Renderer: NVIDIA GeForce MX130 (ID=0x174d)
    Vendor:   NVIDIA
    VRAM:     2010 MB
    Driver:   30.0.14.7219
Initialize mono
Mono path[0] = 'C:/Program Files/Unity/Hub/Editor/2022.3.15f1/Editor/Data/Managed'
Mono path[1] = 'C:/Program Files/Unity/Hub/Editor/2022.3.15f1/Editor/Data/MonoBleedingEdge/lib/mono/unityjit-win32'
Mono config path = 'C:/Program Files/Unity/Hub/Editor/2022.3.15f1/Editor/Data/MonoBleedingEdge/etc'
Using monoOptions --debugger-agent=transport=dt_socket,embedding=1,server=y,suspend=n,address=127.0.0.1:56464
Begin MonoManager ReloadAssembly
Registering precompiled unity dll's ...
Register platform support module: C:/Program Files/Unity/Hub/Editor/2022.3.15f1/Editor/Data/PlaybackEngines/AndroidPlayer/UnityEditor.Android.Extensions.dll
Register platform support module: C:/Program Files/Unity/Hub/Editor/2022.3.15f1/Editor/Data/PlaybackEngines/WindowsStandaloneSupport/UnityEditor.WindowsStandalone.Extensions.dll
Registered in 0.051262 seconds.
- Loaded All Assemblies, in  1.515 seconds
Native extension for WindowsStandalone target not found
Native extension for Android target not found
Android Extension - Scanning For ADB Devices 757 ms
Mono: successfully reloaded assembly
- Finished resetting the current domain, in  2.125 seconds
Domain Reload Profiling: 3633ms
	BeginReloadAssembly (441ms)
		ExecutionOrderSort (0ms)
		DisableScriptedObjects (0ms)
		BackupInstance (0ms)
		ReleaseScriptingObjects (0ms)
		CreateAndSetChildDomain (2ms)
	RebuildCommonClasses (148ms)
	RebuildNativeTypeToScriptingClass (48ms)
	initialDomainReloadingComplete (262ms)
	LoadAllAssembliesAndSetupDomain (607ms)
		LoadAssemblies (429ms)
		RebuildTransferFunctionScriptingTraits (0ms)
		AnalyzeDomain (598ms)
			TypeCache.Refresh (594ms)
				TypeCache.ScanAssembly (542ms)
			ScanForSourceGeneratedMonoScriptInfo (1ms)
			ResolveRequiredComponents (2ms)
	FinalizeReload (2126ms)
		ReleaseScriptCaches (0ms)
		RebuildScriptCaches (0ms)
		SetupLoadedEditorAssemblies (1888ms)
			LogAssemblyErrors (0ms)
			InitializePlatformSupportModulesInManaged (1184ms)
			SetLoadedEditorAssemblies (16ms)
			RefreshPlugins (0ms)
			BeforeProcessingInitializeOnLoad (8ms)
			ProcessInitializeOnLoadAttributes (489ms)
			ProcessInitializeOnLoadMethodAttributes (191ms)
			AfterProcessingInitializeOnLoad (0ms)
			EditorAssembliesLoaded (0ms)
		ExecutionOrderSort2 (0ms)
		AwakeInstancesAfterBackupRestoration (0ms)
========================================================================
Worker process is ready to serve import requests
Begin MonoManager ReloadAssembly
- Loaded All Assemblies, in  3.344 seconds
Refreshing native plugins compatible for Editor in 25.01 ms, found 4 plugins.
Native extension for WindowsStandalone target not found
Native extension for Android target not found
Package Manager log level set to [2]
[Package Manager] Server::EnsureServerProcessIsRunning -- launch failed, reason: Unity was launched with the -noUpm command-line argument
[Package Manager] UpmClient::Send -- Unable to send message (not connected to UPM process).
[Package Manager] Cannot connect to Unity Package Manager local server
Mono: successfully reloaded assembly
- Finished resetting the current domain, in  3.446 seconds
Domain Reload Profiling: 6768ms
	BeginReloadAssembly (581ms)
		ExecutionOrderSort (0ms)
		DisableScriptedObjects (25ms)
		BackupInstance (0ms)
		ReleaseScriptingObjects (0ms)
		CreateAndSetChildDomain (68ms)
	RebuildCommonClasses (309ms)
	RebuildNativeTypeToScriptingClass (60ms)
	initialDomainReloadingComplete (225ms)
	LoadAllAssembliesAndSetupDomain (2140ms)
		LoadAssemblies (1595ms)
		RebuildTransferFunctionScriptingTraits (0ms)
		AnalyzeDomain (872ms)
			TypeCache.Refresh (757ms)
				TypeCache.ScanAssembly (630ms)
			ScanForSourceGeneratedMonoScriptInfo (87ms)
			ResolveRequiredComponents (24ms)
	FinalizeReload (3453ms)
		ReleaseScriptCaches (0ms)
		RebuildScriptCaches (0ms)
		SetupLoadedEditorAssemblies (2718ms)
			LogAssemblyErrors (0ms)
			InitializePlatformSupportModulesInManaged (113ms)
			SetLoadedEditorAssemblies (14ms)
			RefreshPlugins (0ms)
			BeforeProcessingInitializeOnLoad (308ms)
			ProcessInitializeOnLoadAttributes (2088ms)
			ProcessInitializeOnLoadMethodAttributes (149ms)
			AfterProcessingInitializeOnLoad (43ms)
			EditorAssembliesLoaded (3ms)
		ExecutionOrderSort2 (6ms)
		AwakeInstancesAfterBackupRestoration (26ms)
Launched and connected shader compiler UnityShaderCompiler.exe after 0.17 seconds
Refreshing native plugins compatible for Editor in 25.66 ms, found 4 plugins.
Preloading 0 native plugins for Editor in 0.00 ms.
Unloading 4296 Unused Serialized files (Serialized files now loaded: 0)
Unloading 83 unused Assets / (326.2 KB). Loaded Objects now: 4756.
Memory consumption went from 155.1 MB to 154.7 MB.
Total: 13.376900 ms (FindLiveObjects: 0.733000 ms CreateObjectMapping: 0.664300 ms MarkObjects: 10.782400 ms  DeleteObjects: 1.194300 ms)

AssetImportParameters requested are different than current active one (requested -> active):
  custom:container-demuxer-ogg: 62fdf1f143b41e24485cea50d1cbac27 -> 
  custom:video-codec-MediaFoundation-h265: 746d11721c4dcdbdad8f713fa42b33f4 -> 
  custom:video-decoder-ogg-theora: a1e56fd34408186e4bbccfd4996cb3dc -> 
  custom:framework-win-MediaFoundation: 216162199b28c13a410421893ffa2e32 -> 
  custom:CustomObjectIndexerAttribute: 43b350a4d6e6d1791af0b5038c4bea17 -> 
  custom:container-demuxer-webm: 4f35f7cbe854078d1ac9338744f61a02 -> 
  custom:container-muxer-webm: aa71ff27fc2769a1b78a27578f13a17b -> 
  custom:video-decoder-webm-vp8: 9c59270c3fd7afecdb556c50c9e8de78 -> 
  custom:SearchIndexIgnoredProperties: e643bd26f0fe6173181afceb89e7c659 -> 
  custom:AudioImporter_EditorPlatform: d09bf68614088b80899f8185d706f6e7 -> 
  custom:video-encoder-webm-vp8: eb34c28f22e8b96e1ab97ce403110664 -> 
  custom:audio-decoder-ogg-vorbis: bf7c407c2cedff20999df2af8eb42d56 -> 
  custom:audio-encoder-webm-vorbis: bf7c407c2cedff20999df2af8eb42d56 -> 
========================================================================
Received Import Request.
  Time since last request: 241983.254649 seconds.
  path: Assets/Enemies/FIRE/01_idle/idle_5.png
  artifactKey: Guid(258fcfc3ef9c3074ba0de9070774328e) Importer(815301076,1909f56bfc062723c751e8b465ee728b)
Start importing Assets/Enemies/FIRE/01_idle/idle_5.png using Guid(258fcfc3ef9c3074ba0de9070774328e) Importer(815301076,1909f56bfc062723c751e8b465ee728b)  -> (artifact id: '5b34a32bc138114192ea494b2862f2fc') in 0.281044 seconds
Number of updated asset objects reloaded before import = 0
Number of asset objects unloaded after import = 3
========================================================================
Received Import Request.
  Time since last request: 0.000109 seconds.
  path: Assets/Enemies/FIRE/01_idle/idle_1.png
  artifactKey: Guid(5b0471502fbfd0542abb827157a2d506) Importer(815301076,1909f56bfc062723c751e8b465ee728b)
Start importing Assets/Enemies/FIRE/01_idle/idle_1.png using Guid(5b0471502fbfd0542abb827157a2d506) Importer(815301076,1909f56bfc062723c751e8b465ee728b)  -> (artifact id: '48e4c8d615fe0f81ae14517a4016396b') in 0.081694 seconds
Number of updated asset objects reloaded before import = 0
Number of asset objects unloaded after import = 3
========================================================================
Received Import Request.
  Time since last request: 0.000039 seconds.
  path: Assets/Enemies/FIRE/01_idle/idle_7.png
  artifactKey: Guid(6fe890170325b1546a74e47ca5ed9bd5) Importer(815301076,1909f56bfc062723c751e8b465ee728b)
Start importing Assets/Enemies/FIRE/01_idle/idle_7.png using Guid(6fe890170325b1546a74e47ca5ed9bd5) Importer(815301076,1909f56bfc062723c751e8b465ee728b)  -> (artifact id: 'e80029129cd733960a96d17b80140d5a') in 0.063705 seconds
Number of updated asset objects reloaded before import = 0
Number of asset objects unloaded after import = 3
========================================================================
Received Import Request.
  Time since last request: 0.000038 seconds.
  path: Assets/Enemies/FIRE/01_idle/idle_3.png
  artifactKey: Guid(ad0c0abf995c66246811a9b872abf173) Importer(815301076,1909f56bfc062723c751e8b465ee728b)
Start importing Assets/Enemies/FIRE/01_idle/idle_3.png using Guid(ad0c0abf995c66246811a9b872abf173) Importer(815301076,1909f56bfc062723c751e8b465ee728b)  -> (artifact id: 'b8e9441b44f6c9edfe8860e52298e7b7') in 0.043903 seconds
Number of updated asset objects reloaded before import = 0
Number of asset objects unloaded after import = 3
========================================================================
Received Import Request.
  Time since last request: 5.940465 seconds.
  path: Assets/Enemies/NoneOutlinedRat/rat-death.png
  artifactKey: Guid(81a1cd2c710a3bc4aa11d8a44f49c486) Importer(815301076,1909f56bfc062723c751e8b465ee728b)
Start importing Assets/Enemies/NoneOutlinedRat/rat-death.png using Guid(81a1cd2c710a3bc4aa11d8a44f49c486) Importer(815301076,1909f56bfc062723c751e8b465ee728b)  -> (artifact id: '04533acc09cd3abec7e5b9a4abbaad94') in 0.076360 seconds
Number of updated asset objects reloaded before import = 0
Number of asset objects unloaded after import = 3
========================================================================
Received Import Request.
  Time since last request: 0.000034 seconds.
  path: Assets/Enemies/NoneOutlinedRat/rat-run.png
  artifactKey: Guid(f052cbd2711a32b45b1fb65e46232371) Importer(815301076,1909f56bfc062723c751e8b465ee728b)
Start importing Assets/Enemies/NoneOutlinedRat/rat-run.png using Guid(f052cbd2711a32b45b1fb65e46232371) Importer(815301076,1909f56bfc062723c751e8b465ee728b)  -> (artifact id: '0b78b6279739cbf890788ffa0ddbf365') in 0.074239 seconds
Number of updated asset objects reloaded before import = 0
Number of asset objects unloaded after import = 3
========================================================================
Received Import Request.
  Time since last request: 27.054142 seconds.
  path: Assets/PlayerSprites/Sprites/Attack2.png
  artifactKey: Guid(789874d4419b62d4b88074812a456faf) Importer(815301076,1909f56bfc062723c751e8b465ee728b)
Start importing Assets/PlayerSprites/Sprites/Attack2.png using Guid(789874d4419b62d4b88074812a456faf) Importer(815301076,1909f56bfc062723c751e8b465ee728b)  -> (artifact id: '8fd75284688dc6a9dcf5a8a63e5a1673') in 0.104813 seconds
Number of updated asset objects reloaded before import = 0
Number of asset objects unloaded after import = 6
========================================================================
Received Import Request.
  Time since last request: 0.000043 seconds.
  path: Assets/PlayerSprites/Sprites/Death.png
  artifactKey: Guid(4055dc142136ebe4c837144fc23419d3) Importer(815301076,1909f56bfc062723c751e8b465ee728b)
Start importing Assets/PlayerSprites/Sprites/Death.png using Guid(4055dc142136ebe4c837144fc23419d3) Importer(815301076,1909f56bfc062723c751e8b465ee728b)  -> (artifact id: 'c25c3f22b2161ad06947a5b64f9ef0c0') in 0.139905 seconds
Number of updated asset objects reloaded before import = 0
Number of asset objects unloaded after import = 11
========================================================================
Received Import Request.
  Time since last request: 0.000076 seconds.
  path: Assets/PlayerSprites/Sprites/Fall.png
  artifactKey: Guid(d05d588ffc7b32242b01180d10809589) Importer(815301076,1909f56bfc062723c751e8b465ee728b)
Start importing Assets/PlayerSprites/Sprites/Fall.png using Guid(d05d588ffc7b32242b01180d10809589) Importer(815301076,1909f56bfc062723c751e8b465ee728b)  -> (artifact id: 'f8ce09c241ae5977409d6591bb479d1d') in 0.083524 seconds
Number of updated asset objects reloaded before import = 0
Number of asset objects unloaded after import = 4
========================================================================
Received Import Request.
  Time since last request: 0.000054 seconds.
  path: Assets/PlayerSprites/Sprites/Jump.png
  artifactKey: Guid(206b2c968fc112143a4255529de21650) Importer(815301076,1909f56bfc062723c751e8b465ee728b)
Start importing Assets/PlayerSprites/Sprites/Jump.png using Guid(206b2c968fc112143a4255529de21650) Importer(815301076,1909f56bfc062723c751e8b465ee728b)  -> (artifact id: 'bd604e16eb5644ac100f639bac197f5f') in 0.079752 seconds
Number of updated asset objects reloaded before import = 0
Number of asset objects unloaded after import = 4
========================================================================
Received Import Request.
  Time since last request: 7.470925 seconds.
  path: Assets/Hero/Sprite/Attack2.png
  artifactKey: Guid(359aab8598b739349a8a940a773e7d40) Importer(815301076,1909f56bfc062723c751e8b465ee728b)
Start importing Assets/Hero/Sprite/Attack2.png using Guid(359aab8598b739349a8a940a773e7d40) Importer(815301076,1909f56bfc062723c751e8b465ee728b)  -> (artifact id: '83d46fd225d76f29005157eb6ca76e77') in 0.114124 seconds
Number of updated asset objects reloaded before import = 0
Number of asset objects unloaded after import = 8
========================================================================
Received Import Request.
  Time since last request: 0.000040 seconds.
  path: Assets/Hero/Sprite/Attack3.png
  artifactKey: Guid(ecb44902a79e1f64eb8ceceac4f61b32) Importer(815301076,1909f56bfc062723c751e8b465ee728b)
Start importing Assets/Hero/Sprite/Attack3.png using Guid(ecb44902a79e1f64eb8ceceac4f61b32) Importer(815301076,1909f56bfc062723c751e8b465ee728b)  -> (artifact id: '6d76057fa6e15e6bbf18b1875c65a38d') in 0.078901 seconds
Number of updated asset objects reloaded before import = 0
Number of asset objects unloaded after import = 2
========================================================================
Received Import Request.
  Time since last request: 0.000059 seconds.
  path: Assets/Hero/Sprite/Run.png
  artifactKey: Guid(d2d2a9e583ab06649a75a1e22f7ca630) Importer(815301076,1909f56bfc062723c751e8b465ee728b)
Start importing Assets/Hero/Sprite/Run.png using Guid(d2d2a9e583ab06649a75a1e22f7ca630) Importer(815301076,1909f56bfc062723c751e8b465ee728b)  -> (artifact id: '8a991c454fe390a1ac75916361ff3f7a') in 0.123179 seconds
Number of updated asset objects reloaded before import = 0
Number of asset objects unloaded after import = 10
========================================================================
Received Import Request.
  Time since last request: 0.000067 seconds.
  path: Assets/Hero/Sprite/Idle.png
  artifactKey: Guid(29da2d5b81a58474db8b710a88200373) Importer(815301076,1909f56bfc062723c751e8b465ee728b)
Start importing Assets/Hero/Sprite/Idle.png using Guid(29da2d5b81a58474db8b710a88200373) Importer(815301076,1909f56bfc062723c751e8b465ee728b)  -> (artifact id: 'a6aeb6e388eae99da40d817e87f46b98') in 0.138843 seconds
Number of updated asset objects reloaded before import = 0
Number of asset objects unloaded after import = 12
========================================================================
Received Import Request.
  Time since last request: 10.423150 seconds.
  path: Assets/Sprites/Metal Buttons Icons.png
  artifactKey: Guid(159e2108e263d2749a895ebcb3c0adb0) Importer(815301076,1909f56bfc062723c751e8b465ee728b)
Start importing Assets/Sprites/Metal Buttons Icons.png using Guid(159e2108e263d2749a895ebcb3c0adb0) Importer(815301076,1909f56bfc062723c751e8b465ee728b)  -> (artifact id: '6bc1a6f67299b06e5bdef6eaefc5ea49') in 0.880313 seconds
Number of updated asset objects reloaded before import = 0
Number of asset objects unloaded after import = 152
